<?xml version="1.0" encoding="UTF-8"?>
<!-- Generated by org.testng.reporters.JUnitReportReporter -->
<testsuite skipped="0" hostname="jslave-traditional-10-25-178-123" name="com.mypurecloud.sdk.v2.SdkTests" tests="8" failures="0" timestamp="28 Nov 2018 10:40:47 GMT" time="5.586" errors="0">
  <testcase name="traceBasicInformation" time="0.042" classname="com.mypurecloud.sdk.v2.SdkTests"/>
  <testcase name="authenticate" time="3.166" classname="com.mypurecloud.sdk.v2.SdkTests"/>
  <testcase name="createUser" time="1.230" classname="com.mypurecloud.sdk.v2.SdkTests"/>
  <testcase name="updateUser" time="0.199" classname="com.mypurecloud.sdk.v2.SdkTests"/>
  <testcase name="setProfileSkills" time="0.125" classname="com.mypurecloud.sdk.v2.SdkTests"/>
  <testcase name="testNotifications" time="0.479" classname="com.mypurecloud.sdk.v2.SdkTests"/>
  <testcase name="getUser" time="0.087" classname="com.mypurecloud.sdk.v2.SdkTests"/>
  <testcase name="deleteUser" time="0.258" classname="com.mypurecloud.sdk.v2.SdkTests"/>
</testsuite> <!-- com.mypurecloud.sdk.v2.SdkTests -->
