<?xml version="1.0" encoding="UTF-8"?>
<!-- Generated by org.testng.reporters.JUnitReportReporter -->
<testsuite skipped="0" hostname="jslave-traditional-10-25-213-56" name="com.mypurecloud.sdk.v2.SdkTests" tests="8" failures="0" timestamp="09 Nov 2018 10:43:15 GMT" time="6.613" errors="0">
  <testcase name="traceBasicInformation" time="0.021" classname="com.mypurecloud.sdk.v2.SdkTests"/>
  <testcase name="authenticate" time="4.280" classname="com.mypurecloud.sdk.v2.SdkTests"/>
  <testcase name="createUser" time="1.175" classname="com.mypurecloud.sdk.v2.SdkTests"/>
  <testcase name="updateUser" time="0.301" classname="com.mypurecloud.sdk.v2.SdkTests"/>
  <testcase name="setProfileSkills" time="0.110" classname="com.mypurecloud.sdk.v2.SdkTests"/>
  <testcase name="testNotifications" time="0.474" classname="com.mypurecloud.sdk.v2.SdkTests"/>
  <testcase name="getUser" time="0.055" classname="com.mypurecloud.sdk.v2.SdkTests"/>
  <testcase name="deleteUser" time="0.197" classname="com.mypurecloud.sdk.v2.SdkTests"/>
</testsuite> <!-- com.mypurecloud.sdk.v2.SdkTests -->
