<?xml version="1.0" encoding="UTF-8"?>
<!-- Generated by org.testng.reporters.JUnitReportReporter -->
<testsuite skipped="0" hostname="jslave-traditional-10-25-215-168" name="com.mypurecloud.sdk.v2.SdkTests" tests="8" failures="0" timestamp="02 Apr 2019 15:41:01 GMT" time="7.474" errors="0">
  <testcase name="traceBasicInformation" time="0.021" classname="com.mypurecloud.sdk.v2.SdkTests"/>
  <testcase name="authenticate" time="3.962" classname="com.mypurecloud.sdk.v2.SdkTests"/>
  <testcase name="createUser" time="0.804" classname="com.mypurecloud.sdk.v2.SdkTests"/>
  <testcase name="updateUser" time="0.147" classname="com.mypurecloud.sdk.v2.SdkTests"/>
  <testcase name="setProfileSkills" time="0.117" classname="com.mypurecloud.sdk.v2.SdkTests"/>
  <testcase name="testNotifications" time="0.388" classname="com.mypurecloud.sdk.v2.SdkTests"/>
  <testcase name="getUser" time="1.843" classname="com.mypurecloud.sdk.v2.SdkTests"/>
  <testcase name="deleteUser" time="0.192" classname="com.mypurecloud.sdk.v2.SdkTests"/>
</testsuite> <!-- com.mypurecloud.sdk.v2.SdkTests -->
