<?xml version="1.0" encoding="UTF-8"?>
<!-- Generated by org.testng.reporters.JUnitReportReporter -->
<testsuite skipped="0" hostname="jslave-traditional-10-25-189-9" name="com.mypurecloud.sdk.v2.SdkTests" tests="8" failures="0" timestamp="11 Apr 2019 03:32:01 GMT" time="4.757" errors="0">
  <testcase name="traceBasicInformation" time="0.003" classname="com.mypurecloud.sdk.v2.SdkTests"/>
  <testcase name="authenticate" time="1.711" classname="com.mypurecloud.sdk.v2.SdkTests"/>
  <testcase name="createUser" time="0.746" classname="com.mypurecloud.sdk.v2.SdkTests"/>
  <testcase name="updateUser" time="0.224" classname="com.mypurecloud.sdk.v2.SdkTests"/>
  <testcase name="setProfileSkills" time="0.112" classname="com.mypurecloud.sdk.v2.SdkTests"/>
  <testcase name="testNotifications" time="1.699" classname="com.mypurecloud.sdk.v2.SdkTests"/>
  <testcase name="getUser" time="0.043" classname="com.mypurecloud.sdk.v2.SdkTests"/>
  <testcase name="deleteUser" time="0.219" classname="com.mypurecloud.sdk.v2.SdkTests"/>
</testsuite> <!-- com.mypurecloud.sdk.v2.SdkTests -->
